number,value,datetime_start,datetime_complete,duration,params_colsample_bytree,params_gamma,params_learning_rate,params_max_depth,params_min_child_weight,params_n_estimators,params_reg_alpha,params_reg_lambda,params_subsample,system_attrs_tpe:relative_params:0,state
0,2.1148524391659485,2026-09-12 15:08:52.419543,2026-09-12 15:08:54.040835,0 days 00:00:01.621292,0.9042460755282506,1.0037332873493972,0.12502471924044323,11,8,250,0.32385653032452305,4.523240789199396,0.9005968355918041,,COMPLETE
1,1.554174240327048,2026-09-12 15:08:54.041326,2026-09-12 15:09:00.114313,0 days 00:00:06.072987,0.9218151071763313,1.6111480461822887,0.01961434534726558,11,6,898,1.7285792260723109e-06,0.010921283338025736,0.8863108940377529,,COMPLETE
2,2.4572466631277887,2026-09-12 15:09:00.114802,2026-09-12 15:09:01.367635,0 days 00:00:01.252833,0.7320917223593776,4.067943953305872,0.055913340427024595,6,3,305,0.28897269124487873,0.0038872796110368205,0.7528064201255016,,COMPLETE
3,1.8614373572277023,2026-09-12 15:09:01.368045,2026-09-12 15:09:04.336818,0 days 00:00:02.968773,0.8871375883243124,4.571730456220159,0.0623900969909791,6,8,765,2.465637985336967e-07,0.13605349886710028,0.7033257292105263,,COMPLETE
4,3.175339306572544,2026-09-12 15:09:04.337260,2026-09-12 15:09:06.265514,0 days 00:00:01.928254,0.6305536580099528,1.2369341794070854,0.049603763389512605,4,8,586,0.0011310087215716763,0.5530197465886784,0.8145365481425412,,COMPLETE
5,1.5655700007652509,2026-09-12 15:09:06.265915,2026-09-12 15:09:09.959231,0 days 00:00:03.693316,0.9686128917514929,1.7328480302359417,0.019265535367505214,6,4,868,0.5397398430322299,0.03045083759727135,0.8543299639484188,,COMPLETE
6,2.627288942313725,2026-09-12 15:09:09.959753,2026-09-12 15:09:13.608709,0 days 00:00:03.648956,0.6257204277230443,3.4047934615577944,0.06786895844904763,7,6,791,0.038094056372377415,0.732597022431463,0.9399064372695816,,COMPLETE
7,1.530740577087304,2026-09-12 15:09:13.609176,2026-09-12 15:09:16.890977,0 days 00:00:03.281801,0.998950579071641,1.5751152955931684,0.023841717524717213,8,2,487,1.4651122031272677e-07,0.8074103344575568,0.687515548307326,,COMPLETE
8,3.2508330378309616,2026-09-12 15:09:16.891504,2026-09-12 15:09:20.380597,0 days 00:00:03.489093,0.6675794856183578,0.4620458431330665,0.02176392126815155,10,1,237,0.12969558877214438,0.007816580028417501,0.9120375952191808,,COMPLETE
9,2.3719120460436662,2026-09-12 15:09:20.381105,2026-09-12 15:09:21.676201,0 days 00:00:01.295096,0.691524381765969,1.3480221816891742,0.08645329678449665,7,7,221,6.342108763201428e-06,0.0012990340470466512,0.6236108956660283,,COMPLETE
10,1.6039262009656,2026-09-12 15:09:21.676693,2026-09-12 15:09:24.739351,0 days 00:00:03.062658,0.9845122242364364,2.9224175898378695,0.047831981771612846,6,5,628,8.198336640401554e-08,0.6793489275136642,0.8308153174908792,"{""colsample_bytree"": 0.9845122242364364, ""gamma"": 2.9224175898378695, ""learning_rate"": 0.047831981771612846, ""max_depth"": 6, ""min_child_weight"": 5, ""n_estimators"": 628, ""reg_alpha"": 8.198336640401554e-08, ""reg_lambda"": 0.6793489275136642, ""subsample"": 0.8308153174908792}",COMPLETE
11,1.7276924510481404,2026-09-12 15:09:24.739865,2026-09-12 15:09:26.357997,0 days 00:00:01.618132,0.9555440469985611,1.963633073302931,0.019833039782661672,6,2,295,5.663943828841888e-08,1.310470167114079,0.6037301849729995,"{""colsample_bytree"": 0.9555440469985611, ""gamma"": 1.963633073302931, ""learning_rate"": 0.019833039782661672, ""max_depth"": 6, ""min_child_weight"": 2, ""n_estimators"": 295, ""reg_alpha"": 5.663943828841888e-08, ""reg_lambda"": 1.310470167114079, ""subsample"": 0.6037301849729995}",COMPLETE
12,1.5062895165692698,2026-09-12 15:09:26.358511,2026-09-12 15:09:31.033100,0 days 00:00:04.674589,0.9594253623629363,1.3038044712939039,0.024111321880113407,8,7,761,2.709502299429821e-07,0.022915502537867533,0.883149357909804,"{""colsample_bytree"": 0.9594253623629363, ""gamma"": 1.3038044712939039, ""learning_rate"": 0.024111321880113407, ""max_depth"": 8, ""min_child_weight"": 7, ""n_estimators"": 761, ""reg_alpha"": 2.709502299429821e-07, ""reg_lambda"": 0.022915502537867533, ""subsample"": 0.883149357909804}",COMPLETE
13,1.7083182450624341,2026-09-12 15:09:31.033619,2026-09-12 15:09:33.462050,0 days 00:00:02.428431,0.9957415546813088,0.49810612255882325,0.021951697566198216,10,4,264,3.205353102542364e-07,0.4142701988322668,0.7042124417741314,"{""colsample_bytree"": 0.9957415546813088, ""gamma"": 0.49810612255882325, ""learning_rate"": 0.021951697566198216, ""max_depth"": 10, ""min_child_weight"": 4, ""n_estimators"": 264, ""reg_alpha"": 3.205353102542364e-07, ""reg_lambda"": 0.4142701988322668, ""subsample"": 0.7042124417741314}",COMPLETE
14,1.5706367870445124,2026-09-12 15:09:33.462551,2026-09-12 15:09:36.314262,0 days 00:00:02.851711,0.9828603566922536,1.9513393215291153,0.03682115348822168,6,2,553,2.388654466972928e-05,2.2757882396219116,0.738266322806774,"{""colsample_bytree"": 0.9828603566922536, ""gamma"": 1.9513393215291153, ""learning_rate"": 0.03682115348822168, ""max_depth"": 6, ""min_child_weight"": 2, ""n_estimators"": 553, ""reg_alpha"": 2.388654466972928e-05, ""reg_lambda"": 2.2757882396219116, ""subsample"": 0.738266322806774}",COMPLETE
15,1.5792748732959736,2026-09-12 15:09:36.314765,2026-09-12 15:09:38.775662,0 days 00:00:02.460897,0.9723384071545712,0.30467893995245277,0.02506786600841765,6,1,470,9.284363251072043e-05,0.11634079891325587,0.699822018922975,"{""colsample_bytree"": 0.9723384071545712, ""gamma"": 0.30467893995245277, ""learning_rate"": 0.02506786600841765, ""max_depth"": 6, ""min_child_weight"": 1, ""n_estimators"": 470, ""reg_alpha"": 9.284363251072043e-05, ""reg_lambda"": 0.11634079891325587, ""subsample"": 0.699822018922975}",COMPLETE
16,1.6797171919810427,2026-09-12 15:09:38.776127,2026-09-12 15:09:41.833557,0 days 00:00:03.057430,0.8948813967514921,1.5833265514601924,0.03839321153602147,8,4,476,2.629351194706297e-06,0.4351640469999068,0.8385393739558408,"{""colsample_bytree"": 0.8948813967514921, ""gamma"": 1.5833265514601924, ""learning_rate"": 0.03839321153602147, ""max_depth"": 8, ""min_child_weight"": 4, ""n_estimators"": 476, ""reg_alpha"": 2.629351194706297e-06, ""reg_lambda"": 0.4351640469999068, ""subsample"": 0.8385393739558408}",COMPLETE
17,1.664300085210518,2026-09-12 15:09:41.834040,2026-09-12 15:09:46.124203,0 days 00:00:04.290163,0.9134040551342093,0.9328079432650043,0.03422392604505743,10,3,486,6.669514051610806e-08,0.4167561023665105,0.6899220787056621,"{""colsample_bytree"": 0.9134040551342093, ""gamma"": 0.9328079432650043, ""learning_rate"": 0.03422392604505743, ""max_depth"": 10, ""min_child_weight"": 3, ""n_estimators"": 486, ""reg_alpha"": 6.669514051610806e-08, ""reg_lambda"": 0.4167561023665105, ""subsample"": 0.6899220787056621}",COMPLETE
18,1.5065556584300557,2026-09-12 15:09:46.124760,2026-09-12 15:09:49.415622,0 days 00:00:03.290862,0.9506935083036074,1.1717366311983797,0.024325054722300656,8,8,453,1.1927478787032284e-07,0.03790893773161995,0.7879537696888108,"{""colsample_bytree"": 0.9506935083036074, ""gamma"": 1.1717366311983797, ""learning_rate"": 0.024325054722300656, ""max_depth"": 8, ""min_child_weight"": 8, ""n_estimators"": 453, ""reg_alpha"": 1.1927478787032284e-07, ""reg_lambda"": 0.03790893773161995, ""subsample"": 0.7879537696888108}",COMPLETE
19,1.7111953602848766,2026-09-12 15:09:49.416176,2026-09-12 15:09:52.535740,0 days 00:00:03.119564,0.9080052576881347,1.7498941581315701,0.022523050050211938,7,5,523,8.143043259993476e-08,0.05272988030426769,0.9360482169176101,"{""colsample_bytree"": 0.9080052576881347, ""gamma"": 1.7498941581315701, ""learning_rate"": 0.022523050050211938, ""max_depth"": 7, ""min_child_weight"": 5, ""n_estimators"": 523, ""reg_alpha"": 8.143043259993476e-08, ""reg_lambda"": 0.05272988030426769, ""subsample"": 0.9360482169176101}",COMPLETE
20,1.5053984913124543,2026-09-12 15:09:52.536241,2026-09-12 15:09:57.808664,0 days 00:00:05.272423,0.9855036543023531,0.5641051029485291,0.026913099329113736,9,8,723,1.9426452129575194e-06,0.009509007997011348,0.770073059439193,"{""colsample_bytree"": 0.9855036543023531, ""gamma"": 0.5641051029485291, ""learning_rate"": 0.026913099329113736, ""max_depth"": 9, ""min_child_weight"": 8, ""n_estimators"": 723, ""reg_alpha"": 1.9426452129575194e-06, ""reg_lambda"": 0.009509007997011348, ""subsample"": 0.770073059439193}",COMPLETE
21,1.5197507455578054,2026-09-12 15:09:57.809177,2026-09-12 15:10:04.685170,0 days 00:00:06.875993,0.9559754478007625,0.024005627230600513,0.029589052394978343,10,8,808,1.7994345863077633e-05,0.006899862947956607,0.8129167927270915,"{""colsample_bytree"": 0.9559754478007625, ""gamma"": 0.024005627230600513, ""learning_rate"": 0.029589052394978343, ""max_depth"": 10, ""min_child_weight"": 8, ""n_estimators"": 808, ""reg_alpha"": 1.7994345863077633e-05, ""reg_lambda"": 0.006899862947956607, ""subsample"": 0.8129167927270915}",COMPLETE
22,1.5350564409722247,2026-09-12 15:10:04.685767,2026-09-12 15:10:09.032503,0 days 00:00:04.346736,0.9883171813592679,0.49690885265757706,0.032494784774188566,9,9,591,9.908228067942164e-06,0.08378115184185861,0.6897819801415304,"{""colsample_bytree"": 0.9883171813592679, ""gamma"": 0.49690885265757706, ""learning_rate"": 0.032494784774188566, ""max_depth"": 9, ""min_child_weight"": 9, ""n_estimators"": 591, ""reg_alpha"": 9.908228067942164e-06, ""reg_lambda"": 0.08378115184185861, ""subsample"": 0.6897819801415304}",COMPLETE
23,1.7359282197432724,2026-09-12 15:10:09.033114,2026-09-12 15:10:12.190248,0 days 00:00:03.157134,0.9312492285438521,1.4308438101925527,0.016341172914849787,6,8,607,6.254165100097376e-07,0.0122964144383342,0.7780964703714558,"{""colsample_bytree"": 0.9312492285438521, ""gamma"": 1.4308438101925527, ""learning_rate"": 0.016341172914849787, ""max_depth"": 6, ""min_child_weight"": 8, ""n_estimators"": 607, ""reg_alpha"": 6.254165100097376e-07, ""reg_lambda"": 0.0122964144383342, ""subsample"": 0.7780964703714558}",COMPLETE
24,1.5077636897632511,2026-09-12 15:10:12.190726,2026-09-12 15:10:17.103011,0 days 00:00:04.912285,0.9796834035745406,1.4573770486348,0.023708669549730055,9,9,682,9.081585716935956e-08,0.006991601767279857,0.8680982836049369,"{""colsample_bytree"": 0.9796834035745406, ""gamma"": 1.4573770486348, ""learning_rate"": 0.023708669549730055, ""max_depth"": 9, ""min_child_weight"": 9, ""n_estimators"": 682, ""reg_alpha"": 9.081585716935956e-08, ""reg_lambda"": 0.006991601767279857, ""subsample"": 0.8680982836049369}",COMPLETE
25,1.4928940131479702,2026-09-12 15:10:17.103549,2026-09-12 15:10:23.158390,0 days 00:00:06.054841,0.9764898065603537,0.5899069937195879,0.021588128768087037,8,8,894,1.098661514477264e-06,0.010718566048723595,0.741380008748996,"{""colsample_bytree"": 0.9764898065603537, ""gamma"": 0.5899069937195879, ""learning_rate"": 0.021588128768087037, ""max_depth"": 8, ""min_child_weight"": 8, ""n_estimators"": 894, ""reg_alpha"": 1.098661514477264e-06, ""reg_lambda"": 0.010718566048723595, ""subsample"": 0.741380008748996}",COMPLETE
26,1.49931308190901,2026-09-12 15:10:23.158967,2026-09-12 15:10:30.194028,0 days 00:00:07.035061,0.9296839683215066,0.8925494293470676,0.01630264242710696,9,8,907,4.832452308982014e-08,0.004057618123668706,0.7031848535786785,"{""colsample_bytree"": 0.9296839683215066, ""gamma"": 0.8925494293470676, ""learning_rate"": 0.01630264242710696, ""max_depth"": 9, ""min_child_weight"": 8, ""n_estimators"": 907, ""reg_alpha"": 4.832452308982014e-08, ""reg_lambda"": 0.004057618123668706, ""subsample"": 0.7031848535786785}",COMPLETE
27,1.4467936816831386,2026-09-12 15:10:30.194551,2026-09-12 15:10:38.037705,0 days 00:00:07.843154,0.9768822558190682,1.9880801042827074,0.010266112243506565,9,10,921,4.1886708319527366e-08,0.004118158695776375,0.6782006402174325,"{""colsample_bytree"": 0.9768822558190682, ""gamma"": 1.9880801042827074, ""learning_rate"": 0.010266112243506565, ""max_depth"": 9, ""min_child_weight"": 10, ""n_estimators"": 921, ""reg_alpha"": 4.1886708319527366e-08, ""reg_lambda"": 0.004118158695776375, ""subsample"": 0.6782006402174325}",COMPLETE
28,1.502406989341847,2026-09-12 15:10:38.038264,2026-09-12 15:10:44.476531,0 days 00:00:06.438267,0.8833965851038604,2.0892598153383783,0.012716461105953729,8,9,911,5.514536708055852e-08,0.0014445577234236354,0.705469648335198,"{""colsample_bytree"": 0.8833965851038604, ""gamma"": 2.0892598153383783, ""learning_rate"": 0.012716461105953729, ""max_depth"": 8, ""min_child_weight"": 9, ""n_estimators"": 911, ""reg_alpha"": 5.514536708055852e-08, ""reg_lambda"": 0.0014445577234236354, ""subsample"": 0.705469648335198}",COMPLETE
29,1.4746857524974495,2026-09-12 15:10:44.477133,2026-09-12 15:10:50.417293,0 days 00:00:05.940160,0.9555882626682611,1.1976636918065342,0.021069717861548817,8,10,888,3.536536930185958e-06,0.0064740667399217485,0.6636981875464907,"{""colsample_bytree"": 0.9555882626682611, ""gamma"": 1.1976636918065342, ""learning_rate"": 0.021069717861548817, ""max_depth"": 8, ""min_child_weight"": 10, ""n_estimators"": 888, ""reg_alpha"": 3.536536930185958e-06, ""reg_lambda"": 0.0064740667399217485, ""subsample"": 0.6636981875464907}",COMPLETE
